2026-03-07 01:32:16,017 - app - INFO - Starting Diet Tracker API...
2026-03-07 01:32:16,024 - app - INFO - Supabase client initialized successfully - URL: https://kaomgwojvnncidyezdzj.supabase.co
2026-03-07 01:32:53,530 - app - INFO - Starting Diet Tracker API...
2026-03-07 01:32:53,537 - app - INFO - Supabase client initialized successfully - URL: https://kaomgwojvnncidyezdzj.supabase.co
2026-03-07 01:37:16,483 - api.app - INFO - Starting Diet Tracker API...
2026-03-07 01:37:16,490 - api.app - INFO - Supabase client initialized successfully - URL: https://kaomgwojvnncidyezdzj.supabase.co
2026-03-07 02:07:06,787 - app - INFO - Starting Diet Tracker API...
2026-03-07 02:07:06,793 - app - INFO - Supabase client initialized successfully - URL: https://kaomgwojvnncidyezdzj.supabase.co
2026-03-07 02:07:13,896 - app - INFO - Starting Diet Tracker API...
2026-03-07 02:07:13,901 - app - INFO - Supabase client initialized successfully - URL: https://kaomgwojvnncidyezdzj.supabase.co
2026-03-07 02:07:13,910 - app - INFO - Health check requested
2026-03-07 02:07:14,824 - httpx - INFO - HTTP Request: GET https://kaomgwojvnncidyezdzj.supabase.co/rest/v1/users?select=id&email=eq.test%40test.com "HTTP/2 200 OK"
2026-03-07 02:07:14,947 - httpx - INFO - HTTP Request: POST https://kaomgwojvnncidyezdzj.supabase.co/rest/v1/users "HTTP/2 201 Created"
2026-03-07 02:07:15,028 - httpx - INFO - HTTP Request: GET https://kaomgwojvnncidyezdzj.supabase.co/rest/v1/users?select=%2A&email=eq.test%40test.com "HTTP/2 200 OK"
2026-03-07 02:07:15,140 - httpx - INFO - HTTP Request: GET https://kaomgwojvnncidyezdzj.supabase.co/rest/v1/user_profiles?select=%2A&user_id=eq.7c8692ca-ab6d-4862-a01f-4f0d2fcfd143 "HTTP/2 400 Bad Request"
2026-03-07 02:07:15,231 - httpx - INFO - HTTP Request: POST https://kaomgwojvnncidyezdzj.supabase.co/rest/v1/users "HTTP/2 201 Created"
2026-03-07 02:07:15,308 - httpx - INFO - HTTP Request: POST https://kaomgwojvnncidyezdzj.supabase.co/rest/v1/user_profiles "HTTP/2 400 Bad Request"
2026-03-07 02:07:15,417 - httpx - INFO - HTTP Request: GET https://kaomgwojvnncidyezdzj.supabase.co/rest/v1/master_recipes?select=%2A&limit=5 "HTTP/2 200 OK"
2026-03-07 02:08:50,021 - app - INFO - Starting Diet Tracker API...
2026-03-07 02:08:50,027 - app - INFO - Supabase client initialized successfully - URL: https://kaomgwojvnncidyezdzj.supabase.co
2026-03-07 02:08:50,189 - httpx - INFO - HTTP Request: GET https://kaomgwojvnncidyezdzj.supabase.co/rest/v1/users?select=id&email=eq.testfinal%40test.com "HTTP/2 200 OK"
2026-03-07 02:08:55,976 - app - INFO - Starting Diet Tracker API...
2026-03-07 02:08:55,980 - app - INFO - Supabase client initialized successfully - URL: https://kaomgwojvnncidyezdzj.supabase.co
2026-03-07 02:08:56,183 - httpx - INFO - HTTP Request: GET https://kaomgwojvnncidyezdzj.supabase.co/rest/v1/users?select=%2A&email=eq.testfinal%40test.com "HTTP/2 200 OK"
2026-03-07 02:08:56,263 - httpx - INFO - HTTP Request: POST https://kaomgwojvnncidyezdzj.supabase.co/rest/v1/users "HTTP/2 201 Created"
2026-03-07 02:08:56,339 - httpx - INFO - HTTP Request: POST https://kaomgwojvnncidyezdzj.supabase.co/rest/v1/user_profiles "HTTP/2 400 Bad Request"
2026-03-07 02:08:56,410 - httpx - INFO - HTTP Request: GET https://kaomgwojvnncidyezdzj.supabase.co/rest/v1/user_profiles?select=%2A&user_id=eq.2eaf6e61-d78c-497c-b215-f9ab459bd647 "HTTP/2 200 OK"
2026-03-07 02:08:56,481 - httpx - INFO - HTTP Request: GET https://kaomgwojvnncidyezdzj.supabase.co/rest/v1/user_profiles?select=%2A&user_id=eq.2eaf6e61-d78c-497c-b215-f9ab459bd647 "HTTP/2 200 OK"
2026-03-07 02:08:56,549 - httpx - INFO - HTTP Request: POST https://kaomgwojvnncidyezdzj.supabase.co/rest/v1/food_logs "HTTP/2 400 Bad Request"
2026-03-07 02:08:56,615 - httpx - INFO - HTTP Request: GET https://kaomgwojvnncidyezdzj.supabase.co/rest/v1/user_profiles?select=%2A&user_id=eq.2eaf6e61-d78c-497c-b215-f9ab459bd647 "HTTP/2 200 OK"
2026-03-07 02:10:42,905 - app - INFO - Starting Diet Tracker API...
2026-03-07 02:10:42,910 - app - INFO - Supabase client initialized successfully - URL: https://kaomgwojvnncidyezdzj.supabase.co
2026-03-07 02:10:43,102 - httpx - INFO - HTTP Request: GET https://kaomgwojvnncidyezdzj.supabase.co/rest/v1/users?select=%2A&email=eq.testfinal%40test.com "HTTP/2 200 OK"
2026-03-07 02:10:43,187 - httpx - INFO - HTTP Request: POST https://kaomgwojvnncidyezdzj.supabase.co/rest/v1/users "HTTP/2 201 Created"
2026-03-07 02:10:43,265 - httpx - INFO - HTTP Request: POST https://kaomgwojvnncidyezdzj.supabase.co/rest/v1/user_profiles "HTTP/2 400 Bad Request"
2026-03-07 02:10:43,333 - httpx - INFO - HTTP Request: GET https://kaomgwojvnncidyezdzj.supabase.co/rest/v1/user_profiles?select=%2A&user_id=eq.2eaf6e61-d78c-497c-b215-f9ab459bd647 "HTTP/2 200 OK"
2026-03-07 02:10:43,402 - httpx - INFO - HTTP Request: GET https://kaomgwojvnncidyezdzj.supabase.co/rest/v1/user_profiles?select=%2A&user_id=eq.2eaf6e61-d78c-497c-b215-f9ab459bd647 "HTTP/2 200 OK"
2026-03-07 02:10:43,480 - httpx - INFO - HTTP Request: POST https://kaomgwojvnncidyezdzj.supabase.co/rest/v1/food_logs "HTTP/2 400 Bad Request"
2026-03-07 02:10:43,554 - httpx - INFO - HTTP Request: GET https://kaomgwojvnncidyezdzj.supabase.co/rest/v1/user_profiles?select=%2A&user_id=eq.2eaf6e61-d78c-497c-b215-f9ab459bd647 "HTTP/2 200 OK"
2026-03-07 02:15:37,352 - app - INFO - Starting Diet Tracker API...
2026-03-07 02:15:37,357 - app - INFO - Supabase client initialized successfully - URL: https://kaomgwojvnncidyezdzj.supabase.co
2026-03-07 02:15:37,753 - httpx - INFO - HTTP Request: GET https://kaomgwojvnncidyezdzj.supabase.co/rest/v1/users?select=%2A&email=eq.testfinal%40test.com "HTTP/2 200 OK"
2026-03-07 02:15:37,850 - httpx - INFO - HTTP Request: POST https://kaomgwojvnncidyezdzj.supabase.co/rest/v1/users "HTTP/2 201 Created"
2026-03-07 02:15:37,972 - httpx - INFO - HTTP Request: POST https://kaomgwojvnncidyezdzj.supabase.co/rest/v1/user_profiles "HTTP/2 400 Bad Request"
2026-03-07 02:15:38,056 - httpx - INFO - HTTP Request: GET https://kaomgwojvnncidyezdzj.supabase.co/rest/v1/user_profiles?select=%2A&user_id=eq.2eaf6e61-d78c-497c-b215-f9ab459bd647 "HTTP/2 200 OK"
2026-03-07 02:15:38,165 - httpx - INFO - HTTP Request: GET https://kaomgwojvnncidyezdzj.supabase.co/rest/v1/user_profiles?select=%2A&user_id=eq.2eaf6e61-d78c-497c-b215-f9ab459bd647 "HTTP/2 200 OK"
2026-03-07 02:15:38,250 - httpx - INFO - HTTP Request: POST https://kaomgwojvnncidyezdzj.supabase.co/rest/v1/food_logs "HTTP/2 401 Unauthorized"
2026-03-07 02:15:38,356 - httpx - INFO - HTTP Request: GET https://kaomgwojvnncidyezdzj.supabase.co/rest/v1/user_profiles?select=%2A&user_id=eq.2eaf6e61-d78c-497c-b215-f9ab459bd647 "HTTP/2 200 OK"
2026-03-07 02:15:38,444 - httpx - INFO - HTTP Request: GET https://kaomgwojvnncidyezdzj.supabase.co/rest/v1/master_recipes?select=%2A&limit=3 "HTTP/2 200 OK"
2026-03-07 02:16:31,997 - app - INFO - Starting Diet Tracker API...
2026-03-07 02:16:32,001 - app - INFO - Supabase client initialized successfully - URL: https://kaomgwojvnncidyezdzj.supabase.co
2026-03-07 02:16:32,150 - httpx - INFO - HTTP Request: GET https://kaomgwojvnncidyezdzj.supabase.co/rest/v1/users?select=%2A&email=eq.testfinal%40test.com "HTTP/2 200 OK"
2026-03-07 02:16:32,241 - httpx - INFO - HTTP Request: POST https://kaomgwojvnncidyezdzj.supabase.co/rest/v1/users "HTTP/2 201 Created"
2026-03-07 02:16:32,317 - httpx - INFO - HTTP Request: POST https://kaomgwojvnncidyezdzj.supabase.co/rest/v1/user_profiles "HTTP/2 400 Bad Request"
2026-03-07 02:16:32,500 - httpx - INFO - HTTP Request: GET https://kaomgwojvnncidyezdzj.supabase.co/rest/v1/user_profiles?select=%2A&user_id=eq.2eaf6e61-d78c-497c-b215-f9ab459bd647 "HTTP/2 200 OK"
2026-03-07 02:16:32,573 - httpx - INFO - HTTP Request: GET https://kaomgwojvnncidyezdzj.supabase.co/rest/v1/user_profiles?select=%2A&user_id=eq.2eaf6e61-d78c-497c-b215-f9ab459bd647 "HTTP/2 200 OK"
2026-03-07 02:16:32,657 - httpx - INFO - HTTP Request: POST https://kaomgwojvnncidyezdzj.supabase.co/rest/v1/food_logs "HTTP/2 409 Conflict"
2026-03-07 02:16:32,729 - httpx - INFO - HTTP Request: GET https://kaomgwojvnncidyezdzj.supabase.co/rest/v1/user_profiles?select=%2A&user_id=eq.2eaf6e61-d78c-497c-b215-f9ab459bd647 "HTTP/2 200 OK"
2026-03-07 02:16:32,805 - httpx - INFO - HTTP Request: GET https://kaomgwojvnncidyezdzj.supabase.co/rest/v1/master_recipes?select=%2A&limit=3 "HTTP/2 200 OK"
2026-03-07 02:17:47,800 - app - INFO - Starting Diet Tracker API...
2026-03-07 02:17:47,805 - app - INFO - Supabase client initialized successfully - URL: https://kaomgwojvnncidyezdzj.supabase.co
2026-03-07 02:17:48,008 - httpx - INFO - HTTP Request: GET https://kaomgwojvnncidyezdzj.supabase.co/rest/v1/users?select=%2A&email=eq.testfinal%40test.com "HTTP/2 200 OK"
2026-03-07 02:17:48,081 - httpx - INFO - HTTP Request: POST https://kaomgwojvnncidyezdzj.supabase.co/rest/v1/users "HTTP/2 201 Created"
2026-03-07 02:17:48,153 - httpx - INFO - HTTP Request: POST https://kaomgwojvnncidyezdzj.supabase.co/rest/v1/user_profiles "HTTP/2 409 Conflict"
2026-03-07 02:17:48,223 - httpx - INFO - HTTP Request: GET https://kaomgwojvnncidyezdzj.supabase.co/rest/v1/master_recipes?select=%2A&limit=3 "HTTP/2 200 OK"
2026-03-07 02:18:14,030 - app - INFO - Starting Diet Tracker API...
2026-03-07 02:18:14,035 - app - INFO - Supabase client initialized successfully - URL: https://kaomgwojvnncidyezdzj.supabase.co
2026-03-07 02:18:14,165 - httpx - INFO - HTTP Request: GET https://kaomgwojvnncidyezdzj.supabase.co/rest/v1/users?select=%2A&email=eq.testfinal%40test.com "HTTP/2 200 OK"
2026-03-07 02:18:32,485 - app - INFO - Starting Diet Tracker API...
2026-03-07 02:18:32,490 - app - INFO - Supabase client initialized successfully - URL: https://kaomgwojvnncidyezdzj.supabase.co
2026-03-07 02:18:32,615 - httpx - INFO - HTTP Request: GET https://kaomgwojvnncidyezdzj.supabase.co/rest/v1/users?select=%2A&email=eq.testfinal%40test.com "HTTP/2 200 OK"
2026-03-07 02:18:32,684 - httpx - INFO - HTTP Request: GET https://kaomgwojvnncidyezdzj.supabase.co/rest/v1/user_profiles?select=%2A&user_id=eq.2eaf6e61-d78c-497c-b215-f9ab459bd647 "HTTP/2 200 OK"
2026-03-07 02:18:32,755 - httpx - INFO - HTTP Request: POST https://kaomgwojvnncidyezdzj.supabase.co/rest/v1/user_profiles "HTTP/2 409 Conflict"
2026-03-07 02:19:47,662 - app - INFO - Starting Diet Tracker API...
2026-03-07 02:19:47,667 - app - INFO - Supabase client initialized successfully - URL: https://kaomgwojvnncidyezdzj.supabase.co
2026-03-07 02:19:47,815 - httpx - INFO - HTTP Request: GET https://kaomgwojvnncidyezdzj.supabase.co/rest/v1/users?select=%2A&email=eq.testfinal%40test.com "HTTP/2 200 OK"
2026-03-07 02:19:47,889 - httpx - INFO - HTTP Request: GET https://kaomgwojvnncidyezdzj.supabase.co/rest/v1/user_profiles?select=%2A&user_id=eq.2eaf6e61-d78c-497c-b215-f9ab459bd647 "HTTP/2 200 OK"
2026-03-07 02:19:47,961 - httpx - INFO - HTTP Request: POST https://kaomgwojvnncidyezdzj.supabase.co/rest/v1/user_profiles "HTTP/2 201 Created"
2026-03-07 02:20:40,954 - app - INFO - Starting Diet Tracker API...
2026-03-07 02:20:40,959 - app - INFO - Supabase client initialized successfully - URL: https://kaomgwojvnncidyezdzj.supabase.co
2026-03-07 02:20:41,107 - httpx - INFO - HTTP Request: GET https://kaomgwojvnncidyezdzj.supabase.co/rest/v1/users?select=%2A&email=eq.testfinal%40test.com "HTTP/2 200 OK"
2026-03-07 02:20:41,195 - httpx - INFO - HTTP Request: GET https://kaomgwojvnncidyezdzj.supabase.co/rest/v1/user_profiles?select=%2A&user_id=eq.2eaf6e61-d78c-497c-b215-f9ab459bd647 "HTTP/2 200 OK"
2026-03-07 02:20:41,278 - httpx - INFO - HTTP Request: PATCH https://kaomgwojvnncidyezdzj.supabase.co/rest/v1/user_profiles?user_id=eq.2eaf6e61-d78c-497c-b215-f9ab459bd647 "HTTP/2 200 OK"
2026-03-07 02:20:41,354 - httpx - INFO - HTTP Request: POST https://kaomgwojvnncidyezdzj.supabase.co/rest/v1/weight_history "HTTP/2 400 Bad Request"
2026-03-07 02:26:47,790 - app - INFO - Starting Diet Tracker API...
2026-03-07 02:26:47,795 - app - INFO - Supabase client initialized successfully - URL: https://kaomgwojvnncidyezdzj.supabase.co
2026-03-07 02:26:47,996 - httpx - INFO - HTTP Request: GET https://kaomgwojvnncidyezdzj.supabase.co/rest/v1/users?select=%2A&email=eq.testfinal%40test.com "HTTP/2 200 OK"
2026-03-07 02:26:48,101 - httpx - INFO - HTTP Request: GET https://kaomgwojvnncidyezdzj.supabase.co/rest/v1/user_profiles?select=%2A&user_id=eq.2eaf6e61-d78c-497c-b215-f9ab459bd647 "HTTP/2 200 OK"
2026-03-07 02:26:48,241 - httpx - INFO - HTTP Request: PATCH https://kaomgwojvnncidyezdzj.supabase.co/rest/v1/user_profiles?user_id=eq.2eaf6e61-d78c-497c-b215-f9ab459bd647 "HTTP/2 200 OK"
2026-03-07 02:26:48,317 - httpx - INFO - HTTP Request: POST https://kaomgwojvnncidyezdzj.supabase.co/rest/v1/weight_history "HTTP/2 409 Conflict"
2026-03-07 02:27:13,646 - app - INFO - Starting Diet Tracker API...
2026-03-07 02:27:13,651 - app - INFO - Supabase client initialized successfully - URL: https://kaomgwojvnncidyezdzj.supabase.co
2026-03-07 02:27:13,811 - httpx - INFO - HTTP Request: GET https://kaomgwojvnncidyezdzj.supabase.co/rest/v1/users?select=%2A&email=eq.testfinal%40test.com "HTTP/2 200 OK"
2026-03-07 02:27:13,897 - httpx - INFO - HTTP Request: GET https://kaomgwojvnncidyezdzj.supabase.co/rest/v1/user_profiles?select=%2A&user_id=eq.2eaf6e61-d78c-497c-b215-f9ab459bd647 "HTTP/2 200 OK"
2026-03-07 02:27:13,987 - httpx - INFO - HTTP Request: PATCH https://kaomgwojvnncidyezdzj.supabase.co/rest/v1/user_profiles?user_id=eq.2eaf6e61-d78c-497c-b215-f9ab459bd647 "HTTP/2 200 OK"
2026-03-07 02:27:14,069 - httpx - INFO - HTTP Request: POST https://kaomgwojvnncidyezdzj.supabase.co/rest/v1/weight_history "HTTP/2 201 Created"
2026-03-07 02:27:14,146 - httpx - INFO - HTTP Request: GET https://kaomgwojvnncidyezdzj.supabase.co/rest/v1/user_profiles?select=%2A&user_id=eq.2eaf6e61-d78c-497c-b215-f9ab459bd647 "HTTP/2 200 OK"
2026-03-07 02:27:14,241 - httpx - INFO - HTTP Request: GET https://kaomgwojvnncidyezdzj.supabase.co/rest/v1/user_profiles?select=%2A&user_id=eq.2eaf6e61-d78c-497c-b215-f9ab459bd647 "HTTP/2 200 OK"
2026-03-07 02:27:14,324 - httpx - INFO - HTTP Request: DELETE https://kaomgwojvnncidyezdzj.supabase.co/rest/v1/weekly_plans?user_id=eq.2eaf6e61-d78c-497c-b215-f9ab459bd647&week_number=eq.10 "HTTP/2 200 OK"
2026-03-07 02:27:14,411 - httpx - INFO - HTTP Request: GET https://kaomgwojvnncidyezdzj.supabase.co/rest/v1/master_recipes?select=%2A&meal_type=eq.desayuno&calories=gte.400.0&calories=lte.600.0&limit=20 "HTTP/2 400 Bad Request"
2026-03-07 02:27:14,412 - app - ERROR - Error selecting recipes for desayuno: {'code': '22P02', 'details': None, 'hint': None, 'message': 'invalid input syntax for type integer: "400.0"'}
2026-03-07 02:27:14,491 - httpx - INFO - HTTP Request: GET https://kaomgwojvnncidyezdzj.supabase.co/rest/v1/master_recipes?select=%2A&meal_type=eq.comida&calories=gte.560.0&calories=lte.840.0&limit=20 "HTTP/2 400 Bad Request"
2026-03-07 02:27:14,492 - app - ERROR - Error selecting recipes for comida: {'code': '22P02', 'details': None, 'hint': None, 'message': 'invalid input syntax for type integer: "560.0"'}
2026-03-07 02:27:14,570 - httpx - INFO - HTTP Request: GET https://kaomgwojvnncidyezdzj.supabase.co/rest/v1/master_recipes?select=%2A&meal_type=eq.merienda&calories=gte.240.0&calories=lte.360.0&limit=20 "HTTP/2 400 Bad Request"
2026-03-07 02:27:14,571 - app - ERROR - Error selecting recipes for merienda: {'code': '22P02', 'details': None, 'hint': None, 'message': 'invalid input syntax for type integer: "240.0"'}
2026-03-07 02:27:14,645 - httpx - INFO - HTTP Request: GET https://kaomgwojvnncidyezdzj.supabase.co/rest/v1/master_recipes?select=%2A&meal_type=eq.cena&calories=gte.400.0&calories=lte.600.0&limit=20 "HTTP/2 400 Bad Request"
2026-03-07 02:27:14,646 - app - ERROR - Error selecting recipes for cena: {'code': '22P02', 'details': None, 'hint': None, 'message': 'invalid input syntax for type integer: "400.0"'}
2026-03-07 02:27:14,730 - httpx - INFO - HTTP Request: GET https://kaomgwojvnncidyezdzj.supabase.co/rest/v1/master_recipes?select=%2A&meal_type=eq.desayuno&calories=gte.400.0&calories=lte.600.0&limit=20 "HTTP/2 400 Bad Request"
2026-03-07 02:27:14,731 - app - ERROR - Error selecting recipes for desayuno: {'code': '22P02', 'details': None, 'hint': None, 'message': 'invalid input syntax for type integer: "400.0"'}
2026-03-07 02:27:14,804 - httpx - INFO - HTTP Request: GET https://kaomgwojvnncidyezdzj.supabase.co/rest/v1/master_recipes?select=%2A&meal_type=eq.comida&calories=gte.560.0&calories=lte.840.0&limit=20 "HTTP/2 400 Bad Request"
2026-03-07 02:27:14,805 - app - ERROR - Error selecting recipes for comida: {'code': '22P02', 'details': None, 'hint': None, 'message': 'invalid input syntax for type integer: "560.0"'}
2026-03-07 02:27:14,886 - httpx - INFO - HTTP Request: GET https://kaomgwojvnncidyezdzj.supabase.co/rest/v1/master_recipes?select=%2A&meal_type=eq.merienda&calories=gte.240.0&calories=lte.360.0&limit=20 "HTTP/2 400 Bad Request"
2026-03-07 02:27:14,887 - app - ERROR - Error selecting recipes for merienda: {'code': '22P02', 'details': None, 'hint': None, 'message': 'invalid input syntax for type integer: "240.0"'}
2026-03-07 02:27:14,963 - httpx - INFO - HTTP Request: GET https://kaomgwojvnncidyezdzj.supabase.co/rest/v1/master_recipes?select=%2A&meal_type=eq.cena&calories=gte.400.0&calories=lte.600.0&limit=20 "HTTP/2 400 Bad Request"
2026-03-07 02:27:14,964 - app - ERROR - Error selecting recipes for cena: {'code': '22P02', 'details': None, 'hint': None, 'message': 'invalid input syntax for type integer: "400.0"'}
2026-03-07 02:27:15,055 - httpx - INFO - HTTP Request: GET https://kaomgwojvnncidyezdzj.supabase.co/rest/v1/master_recipes?select=%2A&meal_type=eq.desayuno&calories=gte.400.0&calories=lte.600.0&limit=20 "HTTP/2 400 Bad Request"
2026-03-07 02:27:15,056 - app - ERROR - Error selecting recipes for desayuno: {'code': '22P02', 'details': None, 'hint': None, 'message': 'invalid input syntax for type integer: "400.0"'}
2026-03-07 02:27:15,130 - httpx - INFO - HTTP Request: GET https://kaomgwojvnncidyezdzj.supabase.co/rest/v1/master_recipes?select=%2A&meal_type=eq.comida&calories=gte.560.0&calories=lte.840.0&limit=20 "HTTP/2 400 Bad Request"
2026-03-07 02:27:15,132 - app - ERROR - Error selecting recipes for comida: {'code': '22P02', 'details': None, 'hint': None, 'message': 'invalid input syntax for type integer: "560.0"'}
2026-03-07 02:27:15,233 - httpx - INFO - HTTP Request: GET https://kaomgwojvnncidyezdzj.supabase.co/rest/v1/master_recipes?select=%2A&meal_type=eq.merienda&calories=gte.240.0&calories=lte.360.0&limit=20 "HTTP/2 400 Bad Request"
2026-03-07 02:27:15,234 - app - ERROR - Error selecting recipes for merienda: {'code': '22P02', 'details': None, 'hint': None, 'message': 'invalid input syntax for type integer: "240.0"'}
2026-03-07 02:27:15,313 - httpx - INFO - HTTP Request: GET https://kaomgwojvnncidyezdzj.supabase.co/rest/v1/master_recipes?select=%2A&meal_type=eq.cena&calories=gte.400.0&calories=lte.600.0&limit=20 "HTTP/2 400 Bad Request"
2026-03-07 02:27:15,314 - app - ERROR - Error selecting recipes for cena: {'code': '22P02', 'details': None, 'hint': None, 'message': 'invalid input syntax for type integer: "400.0"'}
2026-03-07 02:27:15,414 - httpx - INFO - HTTP Request: GET https://kaomgwojvnncidyezdzj.supabase.co/rest/v1/master_recipes?select=%2A&meal_type=eq.desayuno&calories=gte.400.0&calories=lte.600.0&limit=20 "HTTP/2 400 Bad Request"
2026-03-07 02:27:15,415 - app - ERROR - Error selecting recipes for desayuno: {'code': '22P02', 'details': None, 'hint': None, 'message': 'invalid input syntax for type integer: "400.0"'}
2026-03-07 02:27:15,489 - httpx - INFO - HTTP Request: GET https://kaomgwojvnncidyezdzj.supabase.co/rest/v1/master_recipes?select=%2A&meal_type=eq.comida&calories=gte.560.0&calories=lte.840.0&limit=20 "HTTP/2 400 Bad Request"
2026-03-07 02:27:15,490 - app - ERROR - Error selecting recipes for comida: {'code': '22P02', 'details': None, 'hint': None, 'message': 'invalid input syntax for type integer: "560.0"'}
2026-03-07 02:27:15,627 - httpx - INFO - HTTP Request: GET https://kaomgwojvnncidyezdzj.supabase.co/rest/v1/master_recipes?select=%2A&meal_type=eq.merienda&calories=gte.240.0&calories=lte.360.0&limit=20 "HTTP/2 400 Bad Request"
2026-03-07 02:27:15,628 - app - ERROR - Error selecting recipes for merienda: {'code': '22P02', 'details': None, 'hint': None, 'message': 'invalid input syntax for type integer: "240.0"'}
2026-03-07 02:27:15,729 - httpx - INFO - HTTP Request: GET https://kaomgwojvnncidyezdzj.supabase.co/rest/v1/master_recipes?select=%2A&meal_type=eq.cena&calories=gte.400.0&calories=lte.600.0&limit=20 "HTTP/2 400 Bad Request"
2026-03-07 02:27:15,731 - app - ERROR - Error selecting recipes for cena: {'code': '22P02', 'details': None, 'hint': None, 'message': 'invalid input syntax for type integer: "400.0"'}
2026-03-07 02:27:15,805 - httpx - INFO - HTTP Request: GET https://kaomgwojvnncidyezdzj.supabase.co/rest/v1/master_recipes?select=%2A&meal_type=eq.desayuno&calories=gte.400.0&calories=lte.600.0&limit=20 "HTTP/2 400 Bad Request"
2026-03-07 02:27:15,806 - app - ERROR - Error selecting recipes for desayuno: {'code': '22P02', 'details': None, 'hint': None, 'message': 'invalid input syntax for type integer: "400.0"'}
2026-03-07 02:27:15,888 - httpx - INFO - HTTP Request: GET https://kaomgwojvnncidyezdzj.supabase.co/rest/v1/master_recipes?select=%2A&meal_type=eq.comida&calories=gte.560.0&calories=lte.840.0&limit=20 "HTTP/2 400 Bad Request"
2026-03-07 02:27:15,889 - app - ERROR - Error selecting recipes for comida: {'code': '22P02', 'details': None, 'hint': None, 'message': 'invalid input syntax for type integer: "560.0"'}
2026-03-07 02:27:15,970 - httpx - INFO - HTTP Request: GET https://kaomgwojvnncidyezdzj.supabase.co/rest/v1/master_recipes?select=%2A&meal_type=eq.merienda&calories=gte.240.0&calories=lte.360.0&limit=20 "HTTP/2 400 Bad Request"
2026-03-07 02:27:15,971 - app - ERROR - Error selecting recipes for merienda: {'code': '22P02', 'details': None, 'hint': None, 'message': 'invalid input syntax for type integer: "240.0"'}
2026-03-07 02:27:16,046 - httpx - INFO - HTTP Request: GET https://kaomgwojvnncidyezdzj.supabase.co/rest/v1/master_recipes?select=%2A&meal_type=eq.cena&calories=gte.400.0&calories=lte.600.0&limit=20 "HTTP/2 400 Bad Request"
2026-03-07 02:27:16,047 - app - ERROR - Error selecting recipes for cena: {'code': '22P02', 'details': None, 'hint': None, 'message': 'invalid input syntax for type integer: "400.0"'}
2026-03-07 02:27:16,119 - httpx - INFO - HTTP Request: GET https://kaomgwojvnncidyezdzj.supabase.co/rest/v1/master_recipes?select=%2A&meal_type=eq.desayuno&calories=gte.400.0&calories=lte.600.0&limit=20 "HTTP/2 400 Bad Request"
2026-03-07 02:27:16,120 - app - ERROR - Error selecting recipes for desayuno: {'code': '22P02', 'details': None, 'hint': None, 'message': 'invalid input syntax for type integer: "400.0"'}
2026-03-07 02:27:16,194 - httpx - INFO - HTTP Request: GET https://kaomgwojvnncidyezdzj.supabase.co/rest/v1/master_recipes?select=%2A&meal_type=eq.comida&calories=gte.560.0&calories=lte.840.0&limit=20 "HTTP/2 400 Bad Request"
2026-03-07 02:27:16,195 - app - ERROR - Error selecting recipes for comida: {'code': '22P02', 'details': None, 'hint': None, 'message': 'invalid input syntax for type integer: "560.0"'}
2026-03-07 02:27:16,271 - httpx - INFO - HTTP Request: GET https://kaomgwojvnncidyezdzj.supabase.co/rest/v1/master_recipes?select=%2A&meal_type=eq.merienda&calories=gte.240.0&calories=lte.360.0&limit=20 "HTTP/2 400 Bad Request"
2026-03-07 02:27:16,272 - app - ERROR - Error selecting recipes for merienda: {'code': '22P02', 'details': None, 'hint': None, 'message': 'invalid input syntax for type integer: "240.0"'}
2026-03-07 02:27:16,344 - httpx - INFO - HTTP Request: GET https://kaomgwojvnncidyezdzj.supabase.co/rest/v1/master_recipes?select=%2A&meal_type=eq.cena&calories=gte.400.0&calories=lte.600.0&limit=20 "HTTP/2 400 Bad Request"
2026-03-07 02:27:16,346 - app - ERROR - Error selecting recipes for cena: {'code': '22P02', 'details': None, 'hint': None, 'message': 'invalid input syntax for type integer: "400.0"'}
2026-03-07 02:27:16,420 - httpx - INFO - HTTP Request: GET https://kaomgwojvnncidyezdzj.supabase.co/rest/v1/master_recipes?select=%2A&meal_type=eq.desayuno&calories=gte.400.0&calories=lte.600.0&limit=20 "HTTP/2 400 Bad Request"
2026-03-07 02:27:16,421 - app - ERROR - Error selecting recipes for desayuno: {'code': '22P02', 'details': None, 'hint': None, 'message': 'invalid input syntax for type integer: "400.0"'}
2026-03-07 02:27:16,604 - httpx - INFO - HTTP Request: GET https://kaomgwojvnncidyezdzj.supabase.co/rest/v1/master_recipes?select=%2A&meal_type=eq.comida&calories=gte.560.0&calories=lte.840.0&limit=20 "HTTP/2 400 Bad Request"
2026-03-07 02:27:16,605 - app - ERROR - Error selecting recipes for comida: {'code': '22P02', 'details': None, 'hint': None, 'message': 'invalid input syntax for type integer: "560.0"'}
2026-03-07 02:27:16,677 - httpx - INFO - HTTP Request: GET https://kaomgwojvnncidyezdzj.supabase.co/rest/v1/master_recipes?select=%2A&meal_type=eq.merienda&calories=gte.240.0&calories=lte.360.0&limit=20 "HTTP/2 400 Bad Request"
2026-03-07 02:27:16,679 - app - ERROR - Error selecting recipes for merienda: {'code': '22P02', 'details': None, 'hint': None, 'message': 'invalid input syntax for type integer: "240.0"'}
2026-03-07 02:27:16,758 - httpx - INFO - HTTP Request: GET https://kaomgwojvnncidyezdzj.supabase.co/rest/v1/master_recipes?select=%2A&meal_type=eq.cena&calories=gte.400.0&calories=lte.600.0&limit=20 "HTTP/2 400 Bad Request"
2026-03-07 02:27:16,759 - app - ERROR - Error selecting recipes for cena: {'code': '22P02', 'details': None, 'hint': None, 'message': 'invalid input syntax for type integer: "400.0"'}
2026-03-07 02:27:16,840 - httpx - INFO - HTTP Request: POST https://kaomgwojvnncidyezdzj.supabase.co/rest/v1/food_logs "HTTP/2 201 Created"
2026-03-07 02:27:16,918 - httpx - INFO - HTTP Request: GET https://kaomgwojvnncidyezdzj.supabase.co/rest/v1/user_profiles?select=%2A&user_id=eq.2eaf6e61-d78c-497c-b215-f9ab459bd647 "HTTP/2 200 OK"
2026-03-07 02:27:16,996 - httpx - INFO - HTTP Request: GET https://kaomgwojvnncidyezdzj.supabase.co/rest/v1/weekly_plans?select=%2A&user_id=eq.2eaf6e61-d78c-497c-b215-f9ab459bd647&week_number=eq.10 "HTTP/2 200 OK"
2026-03-07 02:27:17,075 - httpx - INFO - HTTP Request: GET https://kaomgwojvnncidyezdzj.supabase.co/rest/v1/food_logs?select=calories%2C%20protein%2C%20carbs%2C%20fat&user_id=eq.2eaf6e61-d78c-497c-b215-f9ab459bd647&week_number=eq.10&day_of_week=eq.5 "HTTP/2 200 OK"
2026-03-07 02:27:17,152 - httpx - INFO - HTTP Request: GET https://kaomgwojvnncidyezdzj.supabase.co/rest/v1/weight_history?select=weight_kg%2C%20created_at&user_id=eq.2eaf6e61-d78c-497c-b215-f9ab459bd647&order=created_at.desc&limit=1 "HTTP/2 200 OK"
2026-03-07 02:27:17,229 - httpx - INFO - HTTP Request: GET https://kaomgwojvnncidyezdzj.supabase.co/rest/v1/weight_history?select=weight_kg&user_id=eq.2eaf6e61-d78c-497c-b215-f9ab459bd647&order=created_at "HTTP/2 200 OK"
2026-03-07 02:27:17,320 - httpx - INFO - HTTP Request: GET https://kaomgwojvnncidyezdzj.supabase.co/rest/v1/master_recipes?select=%2A&limit=5 "HTTP/2 200 OK"
2026-03-07 02:30:08,027 - app - INFO - Starting Diet Tracker API...
2026-03-07 02:30:08,032 - app - INFO - Supabase client initialized successfully - URL: https://kaomgwojvnncidyezdzj.supabase.co
2026-03-07 02:30:08,318 - httpx - INFO - HTTP Request: GET https://kaomgwojvnncidyezdzj.supabase.co/rest/v1/users?select=%2A&email=eq.testfinal%40test.com "HTTP/2 200 OK"
2026-03-07 02:30:08,404 - httpx - INFO - HTTP Request: GET https://kaomgwojvnncidyezdzj.supabase.co/rest/v1/user_profiles?select=%2A&user_id=eq.2eaf6e61-d78c-497c-b215-f9ab459bd647 "HTTP/2 200 OK"
2026-03-07 02:30:08,485 - httpx - INFO - HTTP Request: PATCH https://kaomgwojvnncidyezdzj.supabase.co/rest/v1/user_profiles?user_id=eq.2eaf6e61-d78c-497c-b215-f9ab459bd647 "HTTP/2 200 OK"
2026-03-07 02:30:08,559 - httpx - INFO - HTTP Request: POST https://kaomgwojvnncidyezdzj.supabase.co/rest/v1/weight_history "HTTP/2 201 Created"
2026-03-07 02:30:08,641 - httpx - INFO - HTTP Request: GET https://kaomgwojvnncidyezdzj.supabase.co/rest/v1/user_profiles?select=%2A&user_id=eq.2eaf6e61-d78c-497c-b215-f9ab459bd647 "HTTP/2 200 OK"
2026-03-07 02:30:08,719 - httpx - INFO - HTTP Request: GET https://kaomgwojvnncidyezdzj.supabase.co/rest/v1/user_profiles?select=%2A&user_id=eq.2eaf6e61-d78c-497c-b215-f9ab459bd647 "HTTP/2 200 OK"
2026-03-07 02:30:08,797 - httpx - INFO - HTTP Request: DELETE https://kaomgwojvnncidyezdzj.supabase.co/rest/v1/weekly_plans?user_id=eq.2eaf6e61-d78c-497c-b215-f9ab459bd647&week_number=eq.10 "HTTP/2 200 OK"
2026-03-07 02:30:08,876 - httpx - INFO - HTTP Request: GET https://kaomgwojvnncidyezdzj.supabase.co/rest/v1/master_recipes?select=%2A&meal_type=eq.desayuno&calories=gte.400&calories=lte.600&limit=20 "HTTP/2 200 OK"
2026-03-07 02:30:08,953 - httpx - INFO - HTTP Request: GET https://kaomgwojvnncidyezdzj.supabase.co/rest/v1/master_recipes?select=%2A&meal_type=eq.comida&calories=gte.560&calories=lte.840&limit=20 "HTTP/2 200 OK"
2026-03-07 02:30:09,029 - httpx - INFO - HTTP Request: GET https://kaomgwojvnncidyezdzj.supabase.co/rest/v1/master_recipes?select=%2A&meal_type=eq.merienda&calories=gte.240&calories=lte.360&limit=20 "HTTP/2 200 OK"
2026-03-07 02:30:09,112 - httpx - INFO - HTTP Request: GET https://kaomgwojvnncidyezdzj.supabase.co/rest/v1/master_recipes?select=%2A&meal_type=eq.cena&calories=gte.400&calories=lte.600&limit=20 "HTTP/2 200 OK"
2026-03-07 02:30:09,191 - httpx - INFO - HTTP Request: GET https://kaomgwojvnncidyezdzj.supabase.co/rest/v1/master_recipes?select=%2A&meal_type=eq.desayuno&calories=gte.400&calories=lte.600&limit=20 "HTTP/2 200 OK"
2026-03-07 02:30:09,267 - httpx - INFO - HTTP Request: GET https://kaomgwojvnncidyezdzj.supabase.co/rest/v1/master_recipes?select=%2A&meal_type=eq.comida&calories=gte.560&calories=lte.840&limit=20 "HTTP/2 200 OK"
2026-03-07 02:30:09,342 - httpx - INFO - HTTP Request: GET https://kaomgwojvnncidyezdzj.supabase.co/rest/v1/master_recipes?select=%2A&meal_type=eq.merienda&calories=gte.240&calories=lte.360&limit=20 "HTTP/2 200 OK"
2026-03-07 02:30:09,423 - httpx - INFO - HTTP Request: GET https://kaomgwojvnncidyezdzj.supabase.co/rest/v1/master_recipes?select=%2A&meal_type=eq.cena&calories=gte.400&calories=lte.600&limit=20 "HTTP/2 200 OK"
2026-03-07 02:30:09,494 - httpx - INFO - HTTP Request: GET https://kaomgwojvnncidyezdzj.supabase.co/rest/v1/master_recipes?select=%2A&meal_type=eq.desayuno&calories=gte.400&calories=lte.600&limit=20 "HTTP/2 200 OK"
2026-03-07 02:30:09,572 - httpx - INFO - HTTP Request: GET https://kaomgwojvnncidyezdzj.supabase.co/rest/v1/master_recipes?select=%2A&meal_type=eq.comida&calories=gte.560&calories=lte.840&limit=20 "HTTP/2 200 OK"
2026-03-07 02:30:09,762 - httpx - INFO - HTTP Request: GET https://kaomgwojvnncidyezdzj.supabase.co/rest/v1/master_recipes?select=%2A&meal_type=eq.merienda&calories=gte.240&calories=lte.360&limit=20 "HTTP/2 200 OK"
2026-03-07 02:30:09,836 - httpx - INFO - HTTP Request: GET https://kaomgwojvnncidyezdzj.supabase.co/rest/v1/master_recipes?select=%2A&meal_type=eq.cena&calories=gte.400&calories=lte.600&limit=20 "HTTP/2 200 OK"
2026-03-07 02:30:09,912 - httpx - INFO - HTTP Request: GET https://kaomgwojvnncidyezdzj.supabase.co/rest/v1/master_recipes?select=%2A&meal_type=eq.desayuno&calories=gte.400&calories=lte.600&limit=20 "HTTP/2 200 OK"
2026-03-07 02:30:09,987 - httpx - INFO - HTTP Request: GET https://kaomgwojvnncidyezdzj.supabase.co/rest/v1/master_recipes?select=%2A&meal_type=eq.comida&calories=gte.560&calories=lte.840&limit=20 "HTTP/2 200 OK"
2026-03-07 02:30:10,062 - httpx - INFO - HTTP Request: GET https://kaomgwojvnncidyezdzj.supabase.co/rest/v1/master_recipes?select=%2A&meal_type=eq.merienda&calories=gte.240&calories=lte.360&limit=20 "HTTP/2 200 OK"
2026-03-07 02:30:10,135 - httpx - INFO - HTTP Request: GET https://kaomgwojvnncidyezdzj.supabase.co/rest/v1/master_recipes?select=%2A&meal_type=eq.cena&calories=gte.400&calories=lte.600&limit=20 "HTTP/2 200 OK"
2026-03-07 02:30:10,208 - httpx - INFO - HTTP Request: GET https://kaomgwojvnncidyezdzj.supabase.co/rest/v1/master_recipes?select=%2A&meal_type=eq.desayuno&calories=gte.400&calories=lte.600&limit=20 "HTTP/2 200 OK"
2026-03-07 02:30:10,286 - httpx - INFO - HTTP Request: GET https://kaomgwojvnncidyezdzj.supabase.co/rest/v1/master_recipes?select=%2A&meal_type=eq.comida&calories=gte.560&calories=lte.840&limit=20 "HTTP/2 200 OK"
2026-03-07 02:30:10,364 - httpx - INFO - HTTP Request: GET https://kaomgwojvnncidyezdzj.supabase.co/rest/v1/master_recipes?select=%2A&meal_type=eq.merienda&calories=gte.240&calories=lte.360&limit=20 "HTTP/2 200 OK"
2026-03-07 02:30:10,442 - httpx - INFO - HTTP Request: GET https://kaomgwojvnncidyezdzj.supabase.co/rest/v1/master_recipes?select=%2A&meal_type=eq.cena&calories=gte.400&calories=lte.600&limit=20 "HTTP/2 200 OK"
2026-03-07 02:30:10,513 - httpx - INFO - HTTP Request: GET https://kaomgwojvnncidyezdzj.supabase.co/rest/v1/master_recipes?select=%2A&meal_type=eq.desayuno&calories=gte.400&calories=lte.600&limit=20 "HTTP/2 200 OK"
2026-03-07 02:30:10,586 - httpx - INFO - HTTP Request: GET https://kaomgwojvnncidyezdzj.supabase.co/rest/v1/master_recipes?select=%2A&meal_type=eq.comida&calories=gte.560&calories=lte.840&limit=20 "HTTP/2 200 OK"
2026-03-07 02:30:10,660 - httpx - INFO - HTTP Request: GET https://kaomgwojvnncidyezdzj.supabase.co/rest/v1/master_recipes?select=%2A&meal_type=eq.merienda&calories=gte.240&calories=lte.360&limit=20 "HTTP/2 200 OK"
2026-03-07 02:30:10,734 - httpx - INFO - HTTP Request: GET https://kaomgwojvnncidyezdzj.supabase.co/rest/v1/master_recipes?select=%2A&meal_type=eq.cena&calories=gte.400&calories=lte.600&limit=20 "HTTP/2 200 OK"
2026-03-07 02:30:10,808 - httpx - INFO - HTTP Request: GET https://kaomgwojvnncidyezdzj.supabase.co/rest/v1/master_recipes?select=%2A&meal_type=eq.desayuno&calories=gte.400&calories=lte.600&limit=20 "HTTP/2 200 OK"
2026-03-07 02:30:10,882 - httpx - INFO - HTTP Request: GET https://kaomgwojvnncidyezdzj.supabase.co/rest/v1/master_recipes?select=%2A&meal_type=eq.comida&calories=gte.560&calories=lte.840&limit=20 "HTTP/2 200 OK"
2026-03-07 02:30:10,955 - httpx - INFO - HTTP Request: GET https://kaomgwojvnncidyezdzj.supabase.co/rest/v1/master_recipes?select=%2A&meal_type=eq.merienda&calories=gte.240&calories=lte.360&limit=20 "HTTP/2 200 OK"
2026-03-07 02:30:11,028 - httpx - INFO - HTTP Request: GET https://kaomgwojvnncidyezdzj.supabase.co/rest/v1/master_recipes?select=%2A&meal_type=eq.cena&calories=gte.400&calories=lte.600&limit=20 "HTTP/2 200 OK"
2026-03-07 02:30:11,101 - httpx - INFO - HTTP Request: POST https://kaomgwojvnncidyezdzj.supabase.co/rest/v1/food_logs "HTTP/2 201 Created"
2026-03-07 02:30:11,177 - httpx - INFO - HTTP Request: GET https://kaomgwojvnncidyezdzj.supabase.co/rest/v1/user_profiles?select=%2A&user_id=eq.2eaf6e61-d78c-497c-b215-f9ab459bd647 "HTTP/2 200 OK"
2026-03-07 02:30:11,251 - httpx - INFO - HTTP Request: GET https://kaomgwojvnncidyezdzj.supabase.co/rest/v1/weekly_plans?select=%2A&user_id=eq.2eaf6e61-d78c-497c-b215-f9ab459bd647&week_number=eq.10 "HTTP/2 200 OK"
2026-03-07 02:30:11,326 - httpx - INFO - HTTP Request: GET https://kaomgwojvnncidyezdzj.supabase.co/rest/v1/food_logs?select=calories%2C%20protein%2C%20carbs%2C%20fat&user_id=eq.2eaf6e61-d78c-497c-b215-f9ab459bd647&week_number=eq.10&day_of_week=eq.5 "HTTP/2 200 OK"
2026-03-07 02:30:11,400 - httpx - INFO - HTTP Request: GET https://kaomgwojvnncidyezdzj.supabase.co/rest/v1/weight_history?select=weight_kg%2C%20created_at&user_id=eq.2eaf6e61-d78c-497c-b215-f9ab459bd647&order=created_at.desc&limit=1 "HTTP/2 200 OK"
2026-03-07 02:30:11,474 - httpx - INFO - HTTP Request: GET https://kaomgwojvnncidyezdzj.supabase.co/rest/v1/weight_history?select=weight_kg&user_id=eq.2eaf6e61-d78c-497c-b215-f9ab459bd647&order=created_at "HTTP/2 200 OK"
2026-03-07 02:30:11,548 - httpx - INFO - HTTP Request: GET https://kaomgwojvnncidyezdzj.supabase.co/rest/v1/master_recipes?select=%2A&limit=5 "HTTP/2 200 OK"
2026-03-07 02:31:41,705 - app - INFO - Starting Diet Tracker API...
2026-03-07 02:31:41,710 - app - INFO - Supabase client initialized successfully - URL: https://kaomgwojvnncidyezdzj.supabase.co
2026-03-07 02:31:41,838 - httpx - INFO - HTTP Request: GET https://kaomgwojvnncidyezdzj.supabase.co/rest/v1/users?select=%2A&email=eq.testfinal%40test.com "HTTP/2 200 OK"
2026-03-07 02:31:41,909 - httpx - INFO - HTTP Request: GET https://kaomgwojvnncidyezdzj.supabase.co/rest/v1/user_profiles?select=%2A&user_id=eq.2eaf6e61-d78c-497c-b215-f9ab459bd647 "HTTP/2 200 OK"
2026-03-07 02:31:41,985 - httpx - INFO - HTTP Request: DELETE https://kaomgwojvnncidyezdzj.supabase.co/rest/v1/weekly_plans?user_id=eq.2eaf6e61-d78c-497c-b215-f9ab459bd647&week_number=eq.10 "HTTP/2 200 OK"
2026-03-07 02:31:42,061 - httpx - INFO - HTTP Request: GET https://kaomgwojvnncidyezdzj.supabase.co/rest/v1/master_recipes?select=%2A&meal_type=eq.desayuno&calories=gte.400&calories=lte.600&limit=20 "HTTP/2 200 OK"
2026-03-07 02:31:42,144 - httpx - INFO - HTTP Request: GET https://kaomgwojvnncidyezdzj.supabase.co/rest/v1/master_recipes?select=%2A&meal_type=eq.comida&calories=gte.560&calories=lte.840&limit=20 "HTTP/2 200 OK"
2026-03-07 02:31:42,213 - httpx - INFO - HTTP Request: GET https://kaomgwojvnncidyezdzj.supabase.co/rest/v1/master_recipes?select=%2A&meal_type=eq.merienda&calories=gte.240&calories=lte.360&limit=20 "HTTP/2 200 OK"
2026-03-07 02:31:42,290 - httpx - INFO - HTTP Request: GET https://kaomgwojvnncidyezdzj.supabase.co/rest/v1/master_recipes?select=%2A&meal_type=eq.cena&calories=gte.400&calories=lte.600&limit=20 "HTTP/2 200 OK"
2026-03-07 02:31:42,364 - httpx - INFO - HTTP Request: GET https://kaomgwojvnncidyezdzj.supabase.co/rest/v1/master_recipes?select=%2A&meal_type=eq.desayuno&calories=gte.400&calories=lte.600&limit=20 "HTTP/2 200 OK"
2026-03-07 02:31:42,445 - httpx - INFO - HTTP Request: GET https://kaomgwojvnncidyezdzj.supabase.co/rest/v1/master_recipes?select=%2A&meal_type=eq.comida&calories=gte.560&calories=lte.840&limit=20 "HTTP/2 200 OK"
2026-03-07 02:31:42,524 - httpx - INFO - HTTP Request: GET https://kaomgwojvnncidyezdzj.supabase.co/rest/v1/master_recipes?select=%2A&meal_type=eq.merienda&calories=gte.240&calories=lte.360&limit=20 "HTTP/2 200 OK"
2026-03-07 02:31:42,597 - httpx - INFO - HTTP Request: GET https://kaomgwojvnncidyezdzj.supabase.co/rest/v1/master_recipes?select=%2A&meal_type=eq.cena&calories=gte.400&calories=lte.600&limit=20 "HTTP/2 200 OK"
2026-03-07 02:31:42,668 - httpx - INFO - HTTP Request: GET https://kaomgwojvnncidyezdzj.supabase.co/rest/v1/master_recipes?select=%2A&meal_type=eq.desayuno&calories=gte.400&calories=lte.600&limit=20 "HTTP/2 200 OK"
2026-03-07 02:31:42,745 - httpx - INFO - HTTP Request: GET https://kaomgwojvnncidyezdzj.supabase.co/rest/v1/master_recipes?select=%2A&meal_type=eq.comida&calories=gte.560&calories=lte.840&limit=20 "HTTP/2 200 OK"
2026-03-07 02:31:42,847 - httpx - INFO - HTTP Request: GET https://kaomgwojvnncidyezdzj.supabase.co/rest/v1/master_recipes?select=%2A&meal_type=eq.merienda&calories=gte.240&calories=lte.360&limit=20 "HTTP/2 200 OK"
2026-03-07 02:31:42,918 - httpx - INFO - HTTP Request: GET https://kaomgwojvnncidyezdzj.supabase.co/rest/v1/master_recipes?select=%2A&meal_type=eq.cena&calories=gte.400&calories=lte.600&limit=20 "HTTP/2 200 OK"
2026-03-07 02:31:42,997 - httpx - INFO - HTTP Request: GET https://kaomgwojvnncidyezdzj.supabase.co/rest/v1/master_recipes?select=%2A&meal_type=eq.desayuno&calories=gte.400&calories=lte.600&limit=20 "HTTP/2 200 OK"
2026-03-07 02:31:43,068 - httpx - INFO - HTTP Request: GET https://kaomgwojvnncidyezdzj.supabase.co/rest/v1/master_recipes?select=%2A&meal_type=eq.comida&calories=gte.560&calories=lte.840&limit=20 "HTTP/2 200 OK"
2026-03-07 02:31:43,139 - httpx - INFO - HTTP Request: GET https://kaomgwojvnncidyezdzj.supabase.co/rest/v1/master_recipes?select=%2A&meal_type=eq.merienda&calories=gte.240&calories=lte.360&limit=20 "HTTP/2 200 OK"
2026-03-07 02:31:43,212 - httpx - INFO - HTTP Request: GET https://kaomgwojvnncidyezdzj.supabase.co/rest/v1/master_recipes?select=%2A&meal_type=eq.cena&calories=gte.400&calories=lte.600&limit=20 "HTTP/2 200 OK"
2026-03-07 02:31:43,284 - httpx - INFO - HTTP Request: GET https://kaomgwojvnncidyezdzj.supabase.co/rest/v1/master_recipes?select=%2A&meal_type=eq.desayuno&calories=gte.400&calories=lte.600&limit=20 "HTTP/2 200 OK"
2026-03-07 02:31:43,361 - httpx - INFO - HTTP Request: GET https://kaomgwojvnncidyezdzj.supabase.co/rest/v1/master_recipes?select=%2A&meal_type=eq.comida&calories=gte.560&calories=lte.840&limit=20 "HTTP/2 200 OK"
2026-03-07 02:31:43,431 - httpx - INFO - HTTP Request: GET https://kaomgwojvnncidyezdzj.supabase.co/rest/v1/master_recipes?select=%2A&meal_type=eq.merienda&calories=gte.240&calories=lte.360&limit=20 "HTTP/2 200 OK"
2026-03-07 02:31:43,507 - httpx - INFO - HTTP Request: GET https://kaomgwojvnncidyezdzj.supabase.co/rest/v1/master_recipes?select=%2A&meal_type=eq.cena&calories=gte.400&calories=lte.600&limit=20 "HTTP/2 200 OK"
2026-03-07 02:31:43,585 - httpx - INFO - HTTP Request: GET https://kaomgwojvnncidyezdzj.supabase.co/rest/v1/master_recipes?select=%2A&meal_type=eq.desayuno&calories=gte.400&calories=lte.600&limit=20 "HTTP/2 200 OK"
2026-03-07 02:31:43,659 - httpx - INFO - HTTP Request: GET https://kaomgwojvnncidyezdzj.supabase.co/rest/v1/master_recipes?select=%2A&meal_type=eq.comida&calories=gte.560&calories=lte.840&limit=20 "HTTP/2 200 OK"
2026-03-07 02:31:43,732 - httpx - INFO - HTTP Request: GET https://kaomgwojvnncidyezdzj.supabase.co/rest/v1/master_recipes?select=%2A&meal_type=eq.merienda&calories=gte.240&calories=lte.360&limit=20 "HTTP/2 200 OK"
2026-03-07 02:31:43,808 - httpx - INFO - HTTP Request: GET https://kaomgwojvnncidyezdzj.supabase.co/rest/v1/master_recipes?select=%2A&meal_type=eq.cena&calories=gte.400&calories=lte.600&limit=20 "HTTP/2 200 OK"
2026-03-07 02:31:43,880 - httpx - INFO - HTTP Request: GET https://kaomgwojvnncidyezdzj.supabase.co/rest/v1/master_recipes?select=%2A&meal_type=eq.desayuno&calories=gte.400&calories=lte.600&limit=20 "HTTP/2 200 OK"
2026-03-07 02:31:43,953 - httpx - INFO - HTTP Request: GET https://kaomgwojvnncidyezdzj.supabase.co/rest/v1/master_recipes?select=%2A&meal_type=eq.comida&calories=gte.560&calories=lte.840&limit=20 "HTTP/2 200 OK"
2026-03-07 02:31:44,024 - httpx - INFO - HTTP Request: GET https://kaomgwojvnncidyezdzj.supabase.co/rest/v1/master_recipes?select=%2A&meal_type=eq.merienda&calories=gte.240&calories=lte.360&limit=20 "HTTP/2 200 OK"
2026-03-07 02:31:44,095 - httpx - INFO - HTTP Request: GET https://kaomgwojvnncidyezdzj.supabase.co/rest/v1/master_recipes?select=%2A&meal_type=eq.cena&calories=gte.400&calories=lte.600&limit=20 "HTTP/2 200 OK"
2026-03-07 02:31:44,166 - httpx - INFO - HTTP Request: POST https://kaomgwojvnncidyezdzj.supabase.co/rest/v1/weekly_plans?columns=%22recipe_name%22%2C%22fat%22%2C%22meal_type%22%2C%22week_number%22%2C%22selected_recipe_id%22%2C%22carbs%22%2C%22calories%22%2C%22protein%22%2C%22day_of_week%22%2C%22user_id%22%2C%22recipe_image%22 "HTTP/2 400 Bad Request"
2026-03-07 02:31:44,243 - httpx - INFO - HTTP Request: GET https://kaomgwojvnncidyezdzj.supabase.co/rest/v1/weekly_plans?select=%2A&user_id=eq.2eaf6e61-d78c-497c-b215-f9ab459bd647&week_number=eq.10&order=day_of_week "HTTP/2 200 OK"
2026-03-07 02:31:44,318 - httpx - INFO - HTTP Request: GET https://kaomgwojvnncidyezdzj.supabase.co/rest/v1/master_recipes?select=%2A&limit=5 "HTTP/2 200 OK"
